Analysis & Synthesis report for Game
Sat Feb 11 08:41:31 2023
Quartus II 64-Bit Version 13.1.0 Build 162 10/23/2013 SJ Full Version


---------------------
; Table of Contents ;
---------------------
  1. Legal Notice
  2. Analysis & Synthesis Summary
  3. Analysis & Synthesis Settings
  4. Parallel Compilation
  5. Analysis & Synthesis Source Files Read
  6. Analysis & Synthesis Resource Usage Summary
  7. Analysis & Synthesis Resource Utilization by Entity
  8. Registers Removed During Synthesis
  9. Removed Registers Triggering Further Register Optimizations
 10. General Register Statistics
 11. Inverted Register Statistics
 12. Multiplexer Restructuring Statistics (Restructuring Performed)
 13. Parameter Settings for User Entity Instance: Game_Main_Model:U2|Game_control:U1
 14. Parameter Settings for User Entity Instance: IP_VGA_640X480:U3
 15. Elapsed Time Per Partition
 16. Analysis & Synthesis Messages
 17. Analysis & Synthesis Suppressed Messages



----------------
; Legal Notice ;
----------------
Copyright (C) 1991-2013 Altera Corporation
Your use of Altera Corporation's design tools, logic functions 
and other software and tools, and its AMPP partner logic 
functions, and any output files from any of the foregoing 
(including device programming or simulation files), and any 
associated documentation or information are expressly subject 
to the terms and conditions of the Altera Program License 
Subscription Agreement, Altera MegaCore Function License 
Agreement, or other applicable license agreement, including, 
without limitation, that your use is for the sole purpose of 
programming logic devices manufactured by Altera and sold by 
Altera or its authorized distributors.  Please refer to the 
applicable agreement for further details.



+-------------------------------------------------------------------------------+
; Analysis & Synthesis Summary                                                  ;
+---------------------------------+---------------------------------------------+
; Analysis & Synthesis Status     ; Successful - Sat Feb 11 08:41:31 2023       ;
; Quartus II 64-Bit Version       ; 13.1.0 Build 162 10/23/2013 SJ Full Version ;
; Revision Name                   ; Game                                        ;
; Top-level Entity Name           ; Game                                        ;
; Family                          ; Cyclone V                                   ;
; Logic utilization (in ALMs)     ; N/A                                         ;
; Total registers                 ; 564                                         ;
; Total pins                      ; 9                                           ;
; Total virtual pins              ; 0                                           ;
; Total block memory bits         ; 0                                           ;
; Total DSP Blocks                ; 0                                           ;
; Total HSSI RX PCSs              ; 0                                           ;
; Total HSSI PMA RX Deserializers ; 0                                           ;
; Total HSSI TX PCSs              ; 0                                           ;
; Total HSSI TX Channels          ; 0                                           ;
; Total PLLs                      ; 0                                           ;
; Total DLLs                      ; 0                                           ;
+---------------------------------+---------------------------------------------+


+---------------------------------------------------------------------------------------------------------------------------+
; Analysis & Synthesis Settings                                                                                             ;
+---------------------------------------------------------------------------------+--------------------+--------------------+
; Option                                                                          ; Setting            ; Default Value      ;
+---------------------------------------------------------------------------------+--------------------+--------------------+
; Device                                                                          ; 5CGXFC7C7F23C8     ;                    ;
; Top-level entity name                                                           ; Game               ; Game               ;
; Family name                                                                     ; Cyclone V          ; Cyclone IV GX      ;
; Use smart compilation                                                           ; Off                ; Off                ;
; Enable parallel Assembler and TimeQuest Timing Analyzer during compilation      ; On                 ; On                 ;
; Enable compact report table                                                     ; Off                ; Off                ;
; Restructure Multiplexers                                                        ; Auto               ; Auto               ;
; MLAB Add Timing Constraints For Mixed-Port Feed-Through Mode Setting Don't Care ; Off                ; Off                ;
; Create Debugging Nodes for IP Cores                                             ; Off                ; Off                ;
; Preserve fewer node names                                                       ; On                 ; On                 ;
; Disable OpenCore Plus hardware evaluation                                       ; Off                ; Off                ;
; Verilog Version                                                                 ; Verilog_2001       ; Verilog_2001       ;
; VHDL Version                                                                    ; VHDL_1993          ; VHDL_1993          ;
; State Machine Processing                                                        ; Auto               ; Auto               ;
; Safe State Machine                                                              ; Off                ; Off                ;
; Extract Verilog State Machines                                                  ; On                 ; On                 ;
; Extract VHDL State Machines                                                     ; On                 ; On                 ;
; Ignore Verilog initial constructs                                               ; Off                ; Off                ;
; Iteration limit for constant Verilog loops                                      ; 5000               ; 5000               ;
; Iteration limit for non-constant Verilog loops                                  ; 250                ; 250                ;
; Add Pass-Through Logic to Inferred RAMs                                         ; On                 ; On                 ;
; Infer RAMs from Raw Logic                                                       ; On                 ; On                 ;
; Parallel Synthesis                                                              ; On                 ; On                 ;
; DSP Block Balancing                                                             ; Auto               ; Auto               ;
; NOT Gate Push-Back                                                              ; On                 ; On                 ;
; Power-Up Don't Care                                                             ; On                 ; On                 ;
; Remove Redundant Logic Cells                                                    ; Off                ; Off                ;
; Remove Duplicate Registers                                                      ; On                 ; On                 ;
; Ignore CARRY Buffers                                                            ; Off                ; Off                ;
; Ignore CASCADE Buffers                                                          ; Off                ; Off                ;
; Ignore GLOBAL Buffers                                                           ; Off                ; Off                ;
; Ignore ROW GLOBAL Buffers                                                       ; Off                ; Off                ;
; Ignore LCELL Buffers                                                            ; Off                ; Off                ;
; Ignore SOFT Buffers                                                             ; On                 ; On                 ;
; Limit AHDL Integers to 32 Bits                                                  ; Off                ; Off                ;
; Optimization Technique                                                          ; Balanced           ; Balanced           ;
; Carry Chain Length                                                              ; 70                 ; 70                 ;
; Auto Carry Chains                                                               ; On                 ; On                 ;
; Auto Open-Drain Pins                                                            ; On                 ; On                 ;
; Perform WYSIWYG Primitive Resynthesis                                           ; Off                ; Off                ;
; Auto ROM Replacement                                                            ; On                 ; On                 ;
; Auto RAM Replacement                                                            ; On                 ; On                 ;
; Auto DSP Block Replacement                                                      ; On                 ; On                 ;
; Auto Shift Register Replacement                                                 ; Auto               ; Auto               ;
; Allow Shift Register Merging across Hierarchies                                 ; Auto               ; Auto               ;
; Auto Clock Enable Replacement                                                   ; On                 ; On                 ;
; Strict RAM Replacement                                                          ; Off                ; Off                ;
; Allow Synchronous Control Signals                                               ; On                 ; On                 ;
; Force Use of Synchronous Clear Signals                                          ; Off                ; Off                ;
; Auto Resource Sharing                                                           ; Off                ; Off                ;
; Allow Any RAM Size For Recognition                                              ; Off                ; Off                ;
; Allow Any ROM Size For Recognition                                              ; Off                ; Off                ;
; Allow Any Shift Register Size For Recognition                                   ; Off                ; Off                ;
; Use LogicLock Constraints during Resource Balancing                             ; On                 ; On                 ;
; Ignore translate_off and synthesis_off directives                               ; Off                ; Off                ;
; Timing-Driven Synthesis                                                         ; On                 ; On                 ;
; Report Parameter Settings                                                       ; On                 ; On                 ;
; Report Source Assignments                                                       ; On                 ; On                 ;
; Report Connectivity Checks                                                      ; On                 ; On                 ;
; Ignore Maximum Fan-Out Assignments                                              ; Off                ; Off                ;
; Synchronization Register Chain Length                                           ; 3                  ; 3                  ;
; PowerPlay Power Optimization                                                    ; Normal compilation ; Normal compilation ;
; HDL message level                                                               ; Level2             ; Level2             ;
; Suppress Register Optimization Related Messages                                 ; Off                ; Off                ;
; Number of Removed Registers Reported in Synthesis Report                        ; 5000               ; 5000               ;
; Number of Swept Nodes Reported in Synthesis Report                              ; 5000               ; 5000               ;
; Number of Inverted Registers Reported in Synthesis Report                       ; 100                ; 100                ;
; Clock MUX Protection                                                            ; On                 ; On                 ;
; Auto Gated Clock Conversion                                                     ; Off                ; Off                ;
; Block Design Naming                                                             ; Auto               ; Auto               ;
; SDC constraint protection                                                       ; Off                ; Off                ;
; Synthesis Effort                                                                ; Auto               ; Auto               ;
; Shift Register Replacement - Allow Asynchronous Clear Signal                    ; On                 ; On                 ;
; Pre-Mapping Resynthesis Optimization                                            ; Off                ; Off                ;
; Analysis & Synthesis Message Level                                              ; Medium             ; Medium             ;
; Disable Register Merging Across Hierarchies                                     ; Auto               ; Auto               ;
; Resource Aware Inference For Block RAM                                          ; On                 ; On                 ;
; Synthesis Seed                                                                  ; 1                  ; 1                  ;
; Automatic Parallel Synthesis                                                    ; On                 ; On                 ;
+---------------------------------------------------------------------------------+--------------------+--------------------+


+------------------------------------------+
; Parallel Compilation                     ;
+----------------------------+-------------+
; Processors                 ; Number      ;
+----------------------------+-------------+
; Number detected on machine ; 8           ;
; Maximum allowed            ; 4           ;
;                            ;             ;
; Average used               ; 1.00        ;
; Maximum used               ; 4           ;
;                            ;             ;
; Usage by Processor         ; % Time Used ;
;     Processor 1            ; 100.0%      ;
;     Processors 2-4         ; < 0.1%      ;
;     Processors 5-8         ;   0.0%      ;
+----------------------------+-------------+


+---------------------------------------------------------------------------------------------------------------------------------------------+
; Analysis & Synthesis Source Files Read                                                                                                      ;
+----------------------------------+-----------------+------------------------+-----------------------------------------------------+---------+
; File Name with User-Entered Path ; Used in Netlist ; File Type              ; File Name with Absolute Path                        ; Library ;
+----------------------------------+-----------------+------------------------+-----------------------------------------------------+---------+
; VGA640X480.v                     ; yes             ; User Verilog HDL File  ; D:/altera/13.1/quartus/zongheshiyan/VGA640X480.v    ;         ;
; TheEnd.v                         ; yes             ; User Verilog HDL File  ; D:/altera/13.1/quartus/zongheshiyan/TheEnd.v        ;         ;
; ps2deal.v                        ; yes             ; User Verilog HDL File  ; D:/altera/13.1/quartus/zongheshiyan/ps2deal.v       ;         ;
; PS2.v                            ; yes             ; User Verilog HDL File  ; D:/altera/13.1/quartus/zongheshiyan/PS2.v           ;         ;
; merge.v                          ; yes             ; User Verilog HDL File  ; D:/altera/13.1/quartus/zongheshiyan/merge.v         ;         ;
; GameMain.v                       ; yes             ; User Verilog HDL File  ; D:/altera/13.1/quartus/zongheshiyan/GameMain.v      ;         ;
; Gamecontrol.v                    ; yes             ; User Verilog HDL File  ; D:/altera/13.1/quartus/zongheshiyan/Gamecontrol.v   ;         ;
; Gamebackgroud.v                  ; yes             ; User Verilog HDL File  ; D:/altera/13.1/quartus/zongheshiyan/Gamebackgroud.v ;         ;
; Game.v                           ; yes             ; User Verilog HDL File  ; D:/altera/13.1/quartus/zongheshiyan/Game.v          ;         ;
+----------------------------------+-----------------+------------------------+-----------------------------------------------------+---------+


+---------------------------------------------------------------------------------------+
; Analysis & Synthesis Resource Usage Summary                                           ;
+---------------------------------------------+-----------------------------------------+
; Resource                                    ; Usage                                   ;
+---------------------------------------------+-----------------------------------------+
; Estimate of Logic utilization (ALMs needed) ; 959                                     ;
;                                             ;                                         ;
; Combinational ALUT usage for logic          ; 1555                                    ;
;     -- 7 input functions                    ; 2                                       ;
;     -- 6 input functions                    ; 324                                     ;
;     -- 5 input functions                    ; 256                                     ;
;     -- 4 input functions                    ; 281                                     ;
;     -- <=3 input functions                  ; 692                                     ;
;                                             ;                                         ;
; Dedicated logic registers                   ; 564                                     ;
;                                             ;                                         ;
; I/O pins                                    ; 9                                       ;
; Total DSP Blocks                            ; 0                                       ;
; Maximum fan-out node                        ; Game_Main_Model:U2|Game_control:U1|temp ;
; Maximum fan-out                             ; 279                                     ;
; Total fan-out                               ; 7688                                    ;
; Average fan-out                             ; 3.60                                    ;
+---------------------------------------------+-----------------------------------------+


+----------------------------------------------------------------------------------------------------------------------------------------------------------------------------------+
; Analysis & Synthesis Resource Utilization by Entity                                                                                                                              ;
+----------------------------+-------------------+--------------+-------------------+------------+------+--------------+--------------------------------------------+--------------+
; Compilation Hierarchy Node ; LC Combinationals ; LC Registers ; Block Memory Bits ; DSP Blocks ; Pins ; Virtual Pins ; Full Hierarchy Name                        ; Library Name ;
+----------------------------+-------------------+--------------+-------------------+------------+------+--------------+--------------------------------------------+--------------+
; |Game                      ; 1555 (0)          ; 564 (0)      ; 0                 ; 0          ; 9    ; 0            ; |Game                                      ; work         ;
;    |Game_Main_Model:U2|    ; 1475 (0)          ; 509 (0)      ; 0                 ; 0          ; 0    ; 0            ; |Game|Game_Main_Model:U2                   ; work         ;
;       |Game_backgroud:U2|  ; 26 (26)           ; 0 (0)        ; 0                 ; 0          ; 0    ; 0            ; |Game|Game_Main_Model:U2|Game_backgroud:U2 ; work         ;
;       |Game_control:U1|    ; 1366 (1366)       ; 509 (509)    ; 0                 ; 0          ; 0    ; 0            ; |Game|Game_Main_Model:U2|Game_control:U1   ; work         ;
;       |The_End:U4|         ; 59 (59)           ; 0 (0)        ; 0                 ; 0          ; 0    ; 0            ; |Game|Game_Main_Model:U2|The_End:U4        ; work         ;
;       |merge:U3|           ; 24 (24)           ; 0 (0)        ; 0                 ; 0          ; 0    ; 0            ; |Game|Game_Main_Model:U2|merge:U3          ; work         ;
;    |IP_PS2_keyboard:U0|    ; 19 (19)           ; 30 (30)      ; 0                 ; 0          ; 0    ; 0            ; |Game|IP_PS2_keyboard:U0                   ; work         ;
;    |IP_VGA_640X480:U3|     ; 55 (55)           ; 21 (21)      ; 0                 ; 0          ; 0    ; 0            ; |Game|IP_VGA_640X480:U3                    ; work         ;
;    |ps2_deal_Model:U1|     ; 6 (6)             ; 4 (4)        ; 0                 ; 0          ; 0    ; 0            ; |Game|ps2_deal_Model:U1                    ; work         ;
+----------------------------+-------------------+--------------+-------------------+------------+------+--------------+--------------------------------------------+--------------+
Note: For table entries with two numbers listed, the numbers in parentheses indicate the number of resources of the given type used by the specific entity alone. The numbers listed outside of parentheses indicate the total resources of the given type used by the specific entity and all of its sub-entities in the hierarchy.


+---------------------------------------------------------------------------------------+
; Registers Removed During Synthesis                                                    ;
+----------------------------------------------+----------------------------------------+
; Register name                                ; Reason for Removal                     ;
+----------------------------------------------+----------------------------------------+
; Game_Main_Model:U2|Game_control:U1|o_temp[0] ; Stuck at GND due to stuck port data_in ;
; Game_Main_Model:U2|Game_control:U1|p_temp[0] ; Stuck at GND due to stuck port data_in ;
; Game_Main_Model:U2|Game_control:U1|n[0][0]   ; Stuck at GND due to stuck port data_in ;
; Game_Main_Model:U2|Game_control:U1|n[1][0]   ; Stuck at GND due to stuck port data_in ;
; Game_Main_Model:U2|Game_control:U1|n[2][0]   ; Stuck at GND due to stuck port data_in ;
; Game_Main_Model:U2|Game_control:U1|n[3][0]   ; Stuck at GND due to stuck port data_in ;
; Game_Main_Model:U2|Game_control:U1|n[4][0]   ; Stuck at GND due to stuck port data_in ;
; Game_Main_Model:U2|Game_control:U1|n[5][0]   ; Stuck at GND due to stuck port data_in ;
; Game_Main_Model:U2|Game_control:U1|n[6][0]   ; Stuck at GND due to stuck port data_in ;
; Game_Main_Model:U2|Game_control:U1|n[7][0]   ; Stuck at GND due to stuck port data_in ;
; Game_Main_Model:U2|Game_control:U1|n[8][0]   ; Stuck at GND due to stuck port data_in ;
; Game_Main_Model:U2|Game_control:U1|n[9][0]   ; Stuck at GND due to stuck port data_in ;
; Game_Main_Model:U2|Game_control:U1|n[10][0]  ; Stuck at GND due to stuck port data_in ;
; Game_Main_Model:U2|Game_control:U1|n[11][0]  ; Stuck at GND due to stuck port data_in ;
; Game_Main_Model:U2|Game_control:U1|n[12][0]  ; Stuck at GND due to stuck port data_in ;
; Game_Main_Model:U2|Game_control:U1|n[13][0]  ; Stuck at GND due to stuck port data_in ;
; Game_Main_Model:U2|Game_control:U1|n[14][0]  ; Stuck at GND due to stuck port data_in ;
; Game_Main_Model:U2|Game_control:U1|n[15][0]  ; Stuck at GND due to stuck port data_in ;
; Game_Main_Model:U2|Game_control:U1|m[0][0]   ; Stuck at GND due to stuck port data_in ;
; Game_Main_Model:U2|Game_control:U1|m[1][0]   ; Stuck at GND due to stuck port data_in ;
; Game_Main_Model:U2|Game_control:U1|m[2][0]   ; Stuck at GND due to stuck port data_in ;
; Game_Main_Model:U2|Game_control:U1|m[3][0]   ; Stuck at GND due to stuck port data_in ;
; Game_Main_Model:U2|Game_control:U1|m[4][0]   ; Stuck at GND due to stuck port data_in ;
; Game_Main_Model:U2|Game_control:U1|m[5][0]   ; Stuck at GND due to stuck port data_in ;
; Game_Main_Model:U2|Game_control:U1|m[6][0]   ; Stuck at GND due to stuck port data_in ;
; Game_Main_Model:U2|Game_control:U1|m[7][0]   ; Stuck at GND due to stuck port data_in ;
; Game_Main_Model:U2|Game_control:U1|m[8][0]   ; Stuck at GND due to stuck port data_in ;
; Game_Main_Model:U2|Game_control:U1|m[9][0]   ; Stuck at GND due to stuck port data_in ;
; Game_Main_Model:U2|Game_control:U1|m[10][0]  ; Stuck at GND due to stuck port data_in ;
; Game_Main_Model:U2|Game_control:U1|m[11][0]  ; Stuck at GND due to stuck port data_in ;
; Game_Main_Model:U2|Game_control:U1|m[12][0]  ; Stuck at GND due to stuck port data_in ;
; Game_Main_Model:U2|Game_control:U1|m[13][0]  ; Stuck at GND due to stuck port data_in ;
; Game_Main_Model:U2|Game_control:U1|m[14][0]  ; Stuck at GND due to stuck port data_in ;
; Game_Main_Model:U2|Game_control:U1|m[15][0]  ; Stuck at GND due to stuck port data_in ;
; Game_Main_Model:U2|Game_control:U1|p[0]      ; Stuck at GND due to stuck port data_in ;
; Game_Main_Model:U2|Game_control:U1|o[0]      ; Stuck at GND due to stuck port data_in ;
; Game_Main_Model:U2|Game_control:U1|m[1][11]  ; Stuck at GND due to stuck port data_in ;
; Game_Main_Model:U2|Game_control:U1|m[1][10]  ; Stuck at GND due to stuck port data_in ;
; Game_Main_Model:U2|Game_control:U1|n[1][11]  ; Stuck at GND due to stuck port data_in ;
; Game_Main_Model:U2|Game_control:U1|n[1][10]  ; Stuck at GND due to stuck port data_in ;
; Game_Main_Model:U2|Game_control:U1|n[1][9]   ; Stuck at GND due to stuck port data_in ;
; Game_Main_Model:U2|Game_control:U1|m[2][11]  ; Stuck at GND due to stuck port data_in ;
; Game_Main_Model:U2|Game_control:U1|m[2][10]  ; Stuck at GND due to stuck port data_in ;
; Game_Main_Model:U2|Game_control:U1|n[2][11]  ; Stuck at GND due to stuck port data_in ;
; Game_Main_Model:U2|Game_control:U1|n[2][10]  ; Stuck at GND due to stuck port data_in ;
; Game_Main_Model:U2|Game_control:U1|n[2][9]   ; Stuck at GND due to stuck port data_in ;
; Game_Main_Model:U2|Game_control:U1|m[3][11]  ; Stuck at GND due to stuck port data_in ;
; Game_Main_Model:U2|Game_control:U1|m[3][10]  ; Stuck at GND due to stuck port data_in ;
; Game_Main_Model:U2|Game_control:U1|n[3][11]  ; Stuck at GND due to stuck port data_in ;
; Game_Main_Model:U2|Game_control:U1|n[3][10]  ; Stuck at GND due to stuck port data_in ;
; Game_Main_Model:U2|Game_control:U1|n[3][9]   ; Stuck at GND due to stuck port data_in ;
; Game_Main_Model:U2|Game_control:U1|m[4][11]  ; Stuck at GND due to stuck port data_in ;
; Game_Main_Model:U2|Game_control:U1|m[4][10]  ; Stuck at GND due to stuck port data_in ;
; Game_Main_Model:U2|Game_control:U1|n[4][11]  ; Stuck at GND due to stuck port data_in ;
; Game_Main_Model:U2|Game_control:U1|n[4][10]  ; Stuck at GND due to stuck port data_in ;
; Game_Main_Model:U2|Game_control:U1|n[4][9]   ; Stuck at GND due to stuck port data_in ;
; Game_Main_Model:U2|Game_control:U1|m[5][11]  ; Stuck at GND due to stuck port data_in ;
; Game_Main_Model:U2|Game_control:U1|m[5][10]  ; Stuck at GND due to stuck port data_in ;
; Game_Main_Model:U2|Game_control:U1|n[5][11]  ; Stuck at GND due to stuck port data_in ;
; Game_Main_Model:U2|Game_control:U1|n[5][10]  ; Stuck at GND due to stuck port data_in ;
; Game_Main_Model:U2|Game_control:U1|n[5][9]   ; Stuck at GND due to stuck port data_in ;
; Game_Main_Model:U2|Game_control:U1|m[6][11]  ; Stuck at GND due to stuck port data_in ;
; Game_Main_Model:U2|Game_control:U1|m[6][10]  ; Stuck at GND due to stuck port data_in ;
; Game_Main_Model:U2|Game_control:U1|n[6][11]  ; Stuck at GND due to stuck port data_in ;
; Game_Main_Model:U2|Game_control:U1|n[6][10]  ; Stuck at GND due to stuck port data_in ;
; Game_Main_Model:U2|Game_control:U1|n[6][9]   ; Stuck at GND due to stuck port data_in ;
; Game_Main_Model:U2|Game_control:U1|m[7][11]  ; Stuck at GND due to stuck port data_in ;
; Game_Main_Model:U2|Game_control:U1|m[7][10]  ; Stuck at GND due to stuck port data_in ;
; Game_Main_Model:U2|Game_control:U1|n[7][11]  ; Stuck at GND due to stuck port data_in ;
; Game_Main_Model:U2|Game_control:U1|n[7][10]  ; Stuck at GND due to stuck port data_in ;
; Game_Main_Model:U2|Game_control:U1|n[7][9]   ; Stuck at GND due to stuck port data_in ;
; Game_Main_Model:U2|Game_control:U1|m[8][11]  ; Stuck at GND due to stuck port data_in ;
; Game_Main_Model:U2|Game_control:U1|m[8][10]  ; Stuck at GND due to stuck port data_in ;
; Game_Main_Model:U2|Game_control:U1|n[8][11]  ; Stuck at GND due to stuck port data_in ;
; Game_Main_Model:U2|Game_control:U1|n[8][10]  ; Stuck at GND due to stuck port data_in ;
; Game_Main_Model:U2|Game_control:U1|n[8][9]   ; Stuck at GND due to stuck port data_in ;
; Game_Main_Model:U2|Game_control:U1|m[9][11]  ; Stuck at GND due to stuck port data_in ;
; Game_Main_Model:U2|Game_control:U1|m[9][10]  ; Stuck at GND due to stuck port data_in ;
; Game_Main_Model:U2|Game_control:U1|n[9][11]  ; Stuck at GND due to stuck port data_in ;
; Game_Main_Model:U2|Game_control:U1|n[9][10]  ; Stuck at GND due to stuck port data_in ;
; Game_Main_Model:U2|Game_control:U1|n[9][9]   ; Stuck at GND due to stuck port data_in ;
; Game_Main_Model:U2|Game_control:U1|m[10][11] ; Stuck at GND due to stuck port data_in ;
; Game_Main_Model:U2|Game_control:U1|m[10][10] ; Stuck at GND due to stuck port data_in ;
; Game_Main_Model:U2|Game_control:U1|n[10][11] ; Stuck at GND due to stuck port data_in ;
; Game_Main_Model:U2|Game_control:U1|n[10][10] ; Stuck at GND due to stuck port data_in ;
; Game_Main_Model:U2|Game_control:U1|n[10][9]  ; Stuck at GND due to stuck port data_in ;
; Game_Main_Model:U2|Game_control:U1|m[11][11] ; Stuck at GND due to stuck port data_in ;
; Game_Main_Model:U2|Game_control:U1|m[11][10] ; Stuck at GND due to stuck port data_in ;
; Game_Main_Model:U2|Game_control:U1|n[11][11] ; Stuck at GND due to stuck port data_in ;
; Game_Main_Model:U2|Game_control:U1|n[11][10] ; Stuck at GND due to stuck port data_in ;
; Game_Main_Model:U2|Game_control:U1|n[11][9]  ; Stuck at GND due to stuck port data_in ;
; Game_Main_Model:U2|Game_control:U1|m[12][11] ; Stuck at GND due to stuck port data_in ;
; Game_Main_Model:U2|Game_control:U1|m[12][10] ; Stuck at GND due to stuck port data_in ;
; Game_Main_Model:U2|Game_control:U1|n[12][11] ; Stuck at GND due to stuck port data_in ;
; Game_Main_Model:U2|Game_control:U1|n[12][10] ; Stuck at GND due to stuck port data_in ;
; Game_Main_Model:U2|Game_control:U1|n[12][9]  ; Stuck at GND due to stuck port data_in ;
; Game_Main_Model:U2|Game_control:U1|m[13][11] ; Stuck at GND due to stuck port data_in ;
; Game_Main_Model:U2|Game_control:U1|m[13][10] ; Stuck at GND due to stuck port data_in ;
; Game_Main_Model:U2|Game_control:U1|n[13][11] ; Stuck at GND due to stuck port data_in ;
; Game_Main_Model:U2|Game_control:U1|n[13][10] ; Stuck at GND due to stuck port data_in ;
; Game_Main_Model:U2|Game_control:U1|n[13][9]  ; Stuck at GND due to stuck port data_in ;
; Game_Main_Model:U2|Game_control:U1|m[14][11] ; Stuck at GND due to stuck port data_in ;
; Game_Main_Model:U2|Game_control:U1|m[14][10] ; Stuck at GND due to stuck port data_in ;
; Game_Main_Model:U2|Game_control:U1|n[14][11] ; Stuck at GND due to stuck port data_in ;
; Game_Main_Model:U2|Game_control:U1|n[14][10] ; Stuck at GND due to stuck port data_in ;
; Game_Main_Model:U2|Game_control:U1|n[14][9]  ; Stuck at GND due to stuck port data_in ;
; Game_Main_Model:U2|Game_control:U1|m[15][11] ; Stuck at GND due to stuck port data_in ;
; Game_Main_Model:U2|Game_control:U1|m[15][10] ; Stuck at GND due to stuck port data_in ;
; Game_Main_Model:U2|Game_control:U1|n[15][11] ; Stuck at GND due to stuck port data_in ;
; Game_Main_Model:U2|Game_control:U1|n[15][10] ; Stuck at GND due to stuck port data_in ;
; Game_Main_Model:U2|Game_control:U1|n[15][9]  ; Stuck at GND due to stuck port data_in ;
; Total Number of Removed Registers = 111      ;                                        ;
+----------------------------------------------+----------------------------------------+


+-------------------------------------------------------------------------------------------------------------------------------------------------------------+
; Removed Registers Triggering Further Register Optimizations                                                                                                 ;
+----------------------------------------------+---------------------------+----------------------------------------------------------------------------------+
; Register name                                ; Reason for Removal        ; Registers Removed due to This Register                                           ;
+----------------------------------------------+---------------------------+----------------------------------------------------------------------------------+
; Game_Main_Model:U2|Game_control:U1|n[0][0]   ; Stuck at GND              ; Game_Main_Model:U2|Game_control:U1|n[1][0],                                      ;
;                                              ; due to stuck port data_in ; Game_Main_Model:U2|Game_control:U1|n[2][0],                                      ;
;                                              ;                           ; Game_Main_Model:U2|Game_control:U1|n[3][0],                                      ;
;                                              ;                           ; Game_Main_Model:U2|Game_control:U1|n[4][0],                                      ;
;                                              ;                           ; Game_Main_Model:U2|Game_control:U1|n[5][0],                                      ;
;                                              ;                           ; Game_Main_Model:U2|Game_control:U1|n[6][0],                                      ;
;                                              ;                           ; Game_Main_Model:U2|Game_control:U1|m[1][0],                                      ;
;                                              ;                           ; Game_Main_Model:U2|Game_control:U1|m[2][0],                                      ;
;                                              ;                           ; Game_Main_Model:U2|Game_control:U1|m[3][0],                                      ;
;                                              ;                           ; Game_Main_Model:U2|Game_control:U1|m[4][0],                                      ;
;                                              ;                           ; Game_Main_Model:U2|Game_control:U1|m[5][0],                                      ;
;                                              ;                           ; Game_Main_Model:U2|Game_control:U1|m[6][0],                                      ;
;                                              ;                           ; Game_Main_Model:U2|Game_control:U1|m[7][0],                                      ;
;                                              ;                           ; Game_Main_Model:U2|Game_control:U1|m[8][0],                                      ;
;                                              ;                           ; Game_Main_Model:U2|Game_control:U1|m[9][0],                                      ;
;                                              ;                           ; Game_Main_Model:U2|Game_control:U1|m[10][0],                                     ;
;                                              ;                           ; Game_Main_Model:U2|Game_control:U1|m[11][0],                                     ;
;                                              ;                           ; Game_Main_Model:U2|Game_control:U1|m[12][0],                                     ;
;                                              ;                           ; Game_Main_Model:U2|Game_control:U1|m[13][0],                                     ;
;                                              ;                           ; Game_Main_Model:U2|Game_control:U1|m[14][0],                                     ;
;                                              ;                           ; Game_Main_Model:U2|Game_control:U1|m[15][0],                                     ;
;                                              ;                           ; Game_Main_Model:U2|Game_control:U1|m[1][11],                                     ;
;                                              ;                           ; Game_Main_Model:U2|Game_control:U1|m[1][10],                                     ;
;                                              ;                           ; Game_Main_Model:U2|Game_control:U1|n[1][11],                                     ;
;                                              ;                           ; Game_Main_Model:U2|Game_control:U1|n[1][10],                                     ;
;                                              ;                           ; Game_Main_Model:U2|Game_control:U1|n[1][9],                                      ;
;                                              ;                           ; Game_Main_Model:U2|Game_control:U1|m[2][11],                                     ;
;                                              ;                           ; Game_Main_Model:U2|Game_control:U1|m[2][10],                                     ;
;                                              ;                           ; Game_Main_Model:U2|Game_control:U1|n[2][11],                                     ;
;                                              ;                           ; Game_Main_Model:U2|Game_control:U1|n[2][10],                                     ;
;                                              ;                           ; Game_Main_Model:U2|Game_control:U1|n[2][9],                                      ;
;                                              ;                           ; Game_Main_Model:U2|Game_control:U1|m[3][11],                                     ;
;                                              ;                           ; Game_Main_Model:U2|Game_control:U1|m[3][10],                                     ;
;                                              ;                           ; Game_Main_Model:U2|Game_control:U1|n[3][11],                                     ;
;                                              ;                           ; Game_Main_Model:U2|Game_control:U1|n[3][10],                                     ;
;                                              ;                           ; Game_Main_Model:U2|Game_control:U1|n[3][9],                                      ;
;                                              ;                           ; Game_Main_Model:U2|Game_control:U1|m[4][11],                                     ;
;                                              ;                           ; Game_Main_Model:U2|Game_control:U1|m[4][10],                                     ;
;                                              ;                           ; Game_Main_Model:U2|Game_control:U1|n[4][11],                                     ;
;                                              ;                           ; Game_Main_Model:U2|Game_control:U1|n[4][10],                                     ;
;                                              ;                           ; Game_Main_Model:U2|Game_control:U1|n[4][9],                                      ;
;                                              ;                           ; Game_Main_Model:U2|Game_control:U1|m[5][11],                                     ;
;                                              ;                           ; Game_Main_Model:U2|Game_control:U1|m[5][10],                                     ;
;                                              ;                           ; Game_Main_Model:U2|Game_control:U1|n[5][11],                                     ;
;                                              ;                           ; Game_Main_Model:U2|Game_control:U1|n[5][10],                                     ;
;                                              ;                           ; Game_Main_Model:U2|Game_control:U1|n[5][9],                                      ;
;                                              ;                           ; Game_Main_Model:U2|Game_control:U1|m[6][11],                                     ;
;                                              ;                           ; Game_Main_Model:U2|Game_control:U1|m[6][10],                                     ;
;                                              ;                           ; Game_Main_Model:U2|Game_control:U1|n[6][11],                                     ;
;                                              ;                           ; Game_Main_Model:U2|Game_control:U1|n[6][10],                                     ;
;                                              ;                           ; Game_Main_Model:U2|Game_control:U1|n[6][9],                                      ;
;                                              ;                           ; Game_Main_Model:U2|Game_control:U1|m[7][11],                                     ;
;                                              ;                           ; Game_Main_Model:U2|Game_control:U1|m[7][10],                                     ;
;                                              ;                           ; Game_Main_Model:U2|Game_control:U1|n[7][11],                                     ;
;                                              ;                           ; Game_Main_Model:U2|Game_control:U1|n[7][10],                                     ;
;                                              ;                           ; Game_Main_Model:U2|Game_control:U1|n[7][9],                                      ;
;                                              ;                           ; Game_Main_Model:U2|Game_control:U1|m[8][11],                                     ;
;                                              ;                           ; Game_Main_Model:U2|Game_control:U1|m[8][10],                                     ;
;                                              ;                           ; Game_Main_Model:U2|Game_control:U1|n[8][11],                                     ;
;                                              ;                           ; Game_Main_Model:U2|Game_control:U1|n[8][10],                                     ;
;                                              ;                           ; Game_Main_Model:U2|Game_control:U1|n[8][9],                                      ;
;                                              ;                           ; Game_Main_Model:U2|Game_control:U1|m[9][11],                                     ;
;                                              ;                           ; Game_Main_Model:U2|Game_control:U1|m[9][10],                                     ;
;                                              ;                           ; Game_Main_Model:U2|Game_control:U1|n[9][10],                                     ;
;                                              ;                           ; Game_Main_Model:U2|Game_control:U1|n[9][9],                                      ;
;                                              ;                           ; Game_Main_Model:U2|Game_control:U1|m[10][11],                                    ;
;                                              ;                           ; Game_Main_Model:U2|Game_control:U1|m[10][10],                                    ;
;                                              ;                           ; Game_Main_Model:U2|Game_control:U1|n[10][9],                                     ;
;                                              ;                           ; Game_Main_Model:U2|Game_control:U1|m[11][10],                                    ;
;                                              ;                           ; Game_Main_Model:U2|Game_control:U1|m[12][10]                                     ;
; Game_Main_Model:U2|Game_control:U1|m[0][0]   ; Stuck at GND              ; Game_Main_Model:U2|Game_control:U1|n[9][11],                                     ;
;                                              ; due to stuck port data_in ; Game_Main_Model:U2|Game_control:U1|n[10][11],                                    ;
;                                              ;                           ; Game_Main_Model:U2|Game_control:U1|n[10][10],                                    ;
;                                              ;                           ; Game_Main_Model:U2|Game_control:U1|n[11][11],                                    ;
;                                              ;                           ; Game_Main_Model:U2|Game_control:U1|n[11][10],                                    ;
;                                              ;                           ; Game_Main_Model:U2|Game_control:U1|n[11][9],                                     ;
;                                              ;                           ; Game_Main_Model:U2|Game_control:U1|n[12][11],                                    ;
;                                              ;                           ; Game_Main_Model:U2|Game_control:U1|n[12][10],                                    ;
;                                              ;                           ; Game_Main_Model:U2|Game_control:U1|n[12][9],                                     ;
;                                              ;                           ; Game_Main_Model:U2|Game_control:U1|n[13][9]                                      ;
; Game_Main_Model:U2|Game_control:U1|o_temp[0] ; Stuck at GND              ; Game_Main_Model:U2|Game_control:U1|p_temp[0],                                    ;
;                                              ; due to stuck port data_in ; Game_Main_Model:U2|Game_control:U1|p[0], Game_Main_Model:U2|Game_control:U1|o[0] ;
; Game_Main_Model:U2|Game_control:U1|m[11][11] ; Stuck at GND              ; Game_Main_Model:U2|Game_control:U1|m[12][11]                                     ;
;                                              ; due to stuck port data_in ;                                                                                  ;
+----------------------------------------------+---------------------------+----------------------------------------------------------------------------------+


+------------------------------------------------------+
; General Register Statistics                          ;
+----------------------------------------------+-------+
; Statistic                                    ; Value ;
+----------------------------------------------+-------+
; Total registers                              ; 564   ;
; Number of registers using Synchronous Clear  ; 189   ;
; Number of registers using Synchronous Load   ; 0     ;
; Number of registers using Asynchronous Clear ; 151   ;
; Number of registers using Asynchronous Load  ; 0     ;
; Number of registers using Clock Enable       ; 483   ;
; Number of registers using Preset             ; 0     ;
+----------------------------------------------+-------+


+---------------------------------------------------------+
; Inverted Register Statistics                            ;
+-----------------------------------------------+---------+
; Inverted Register                             ; Fan out ;
+-----------------------------------------------+---------+
; Game_Main_Model:U2|Game_control:U1|o[5]       ; 4       ;
; Game_Main_Model:U2|Game_control:U1|o[2]       ; 3       ;
; Game_Main_Model:U2|Game_control:U1|o[3]       ; 4       ;
; Game_Main_Model:U2|Game_control:U1|o[8]       ; 4       ;
; Game_Main_Model:U2|Game_control:U1|p[3]       ; 4       ;
; Game_Main_Model:U2|Game_control:U1|p[2]       ; 4       ;
; Game_Main_Model:U2|Game_control:U1|p[5]       ; 4       ;
; Game_Main_Model:U2|Game_control:U1|p[8]       ; 4       ;
; Game_Main_Model:U2|Game_control:U1|hit_cnt[0] ; 47      ;
; IP_PS2_keyboard:U0|register[9]                ; 4       ;
; IP_PS2_keyboard:U0|register[8]                ; 4       ;
; IP_PS2_keyboard:U0|register[7]                ; 4       ;
; IP_PS2_keyboard:U0|register[5]                ; 3       ;
; IP_PS2_keyboard:U0|register[4]                ; 3       ;
; IP_PS2_keyboard:U0|register[3]                ; 3       ;
; IP_PS2_keyboard:U0|register[2]                ; 2       ;
; IP_PS2_keyboard:U0|register[6]                ; 3       ;
; IP_PS2_keyboard:U0|register[10]               ; 1       ;
; Total number of inverted registers = 18       ;         ;
+-----------------------------------------------+---------+


+-------------------------------------------------------------------------------------------------------------------------------------------------------------------+
; Multiplexer Restructuring Statistics (Restructuring Performed)                                                                                                    ;
+--------------------+-----------+---------------+----------------------+------------------------+------------+-----------------------------------------------------+
; Multiplexer Inputs ; Bus Width ; Baseline Area ; Area if Restructured ; Saving if Restructured ; Registered ; Example Multiplexer Output                          ;
+--------------------+-----------+---------------+----------------------+------------------------+------------+-----------------------------------------------------+
; 3:1                ; 32 bits   ; 64 LEs        ; 0 LEs                ; 64 LEs                 ; Yes        ; |Game|Game_Main_Model:U2|Game_control:U1|i[13]      ;
; 3:1                ; 2 bits    ; 4 LEs         ; 4 LEs                ; 0 LEs                  ; Yes        ; |Game|Game_Main_Model:U2|Game_control:U1|p_temp[4]  ;
; 3:1                ; 29 bits   ; 58 LEs        ; 29 LEs               ; 29 LEs                 ; Yes        ; |Game|Game_Main_Model:U2|Game_control:U1|p_temp[5]  ;
; 5:1                ; 3 bits    ; 9 LEs         ; 6 LEs                ; 3 LEs                  ; Yes        ; |Game|Game_Main_Model:U2|Game_control:U1|o_temp[5]  ;
; 5:1                ; 28 bits   ; 84 LEs        ; 28 LEs               ; 56 LEs                 ; Yes        ; |Game|Game_Main_Model:U2|Game_control:U1|o_temp[26] ;
; 9:1                ; 8 bits    ; 48 LEs        ; 24 LEs               ; 24 LEs                 ; Yes        ; |Game|Game_Main_Model:U2|Game_control:U1|n[0][4]    ;
; 9:1                ; 3 bits    ; 18 LEs        ; 12 LEs               ; 6 LEs                  ; Yes        ; |Game|Game_Main_Model:U2|Game_control:U1|n[0][3]    ;
; 9:1                ; 8 bits    ; 48 LEs        ; 24 LEs               ; 24 LEs                 ; Yes        ; |Game|Game_Main_Model:U2|Game_control:U1|m[0][8]    ;
; 9:1                ; 3 bits    ; 18 LEs        ; 12 LEs               ; 6 LEs                  ; Yes        ; |Game|Game_Main_Model:U2|Game_control:U1|m[0][3]    ;
; 3:1                ; 2 bits    ; 4 LEs         ; 4 LEs                ; 0 LEs                  ; No         ; |Game|IP_VGA_640X480:U3|vga_rgb[2]                  ;
; 16:1               ; 22 bits   ; 220 LEs       ; 220 LEs              ; 0 LEs                  ; No         ; |Game|Game_Main_Model:U2|Game_control:U1|Mux3       ;
+--------------------+-----------+---------------+----------------------+------------------------+------------+-----------------------------------------------------+


+---------------------------------------------------------------------------------+
; Parameter Settings for User Entity Instance: Game_Main_Model:U2|Game_control:U1 ;
+----------------+-------+--------------------------------------------------------+
; Parameter Name ; Value ; Type                                                   ;
+----------------+-------+--------------------------------------------------------+
; left           ; 0001  ; Unsigned Binary                                        ;
; right          ; 0010  ; Unsigned Binary                                        ;
; down           ; 0100  ; Unsigned Binary                                        ;
; up             ; 1000  ; Unsigned Binary                                        ;
; N              ; 4     ; Signed Integer                                         ;
+----------------+-------+--------------------------------------------------------+
Note: In order to hide this table in the UI and the text report file, please set the "Show Parameter Settings in Synthesis Report" option in "Analysis and Synthesis Settings -> More Settings" to "Off".


+----------------------------------------------------------------+
; Parameter Settings for User Entity Instance: IP_VGA_640X480:U3 ;
+----------------+------------+----------------------------------+
; Parameter Name ; Value      ; Type                             ;
+----------------+------------+----------------------------------+
; H_CNT_MAX      ; 1100100000 ; Unsigned Binary                  ;
; H_HS           ; 0001100000 ; Unsigned Binary                  ;
; H_BP           ; 0000110000 ; Unsigned Binary                  ;
; H_DISP         ; 1010000000 ; Unsigned Binary                  ;
; H_FP           ; 0000010000 ; Unsigned Binary                  ;
; H_Left         ; 0010010000 ; Unsigned Binary                  ;
; H_Right        ; 1100010000 ; Unsigned Binary                  ;
; V_CNT_MAX      ; 1000001001 ; Unsigned Binary                  ;
; V_HS           ; 0000000010 ; Unsigned Binary                  ;
; V_BP           ; 0000011101 ; Unsigned Binary                  ;
; V_DISP         ; 0111100000 ; Unsigned Binary                  ;
; V_FP           ; 0000001010 ; Unsigned Binary                  ;
; V_Left         ; 0000011111 ; Unsigned Binary                  ;
; V_Right        ; 0111111111 ; Unsigned Binary                  ;
+----------------+------------+----------------------------------+
Note: In order to hide this table in the UI and the text report file, please set the "Show Parameter Settings in Synthesis Report" option in "Analysis and Synthesis Settings -> More Settings" to "Off".


+-------------------------------+
; Elapsed Time Per Partition    ;
+----------------+--------------+
; Partition Name ; Elapsed Time ;
+----------------+--------------+
; Top            ; 00:00:02     ;
+----------------+--------------+


+-------------------------------+
; Analysis & Synthesis Messages ;
+-------------------------------+
Info: *******************************************************************
Info: Running Quartus II 64-Bit Analysis & Synthesis
    Info: Version 13.1.0 Build 162 10/23/2013 SJ Full Version
    Info: Processing started: Sat Feb 11 08:41:27 2023
Info: Command: quartus_map --read_settings_files=on --write_settings_files=off Game -c Game
Info (20034): Auto device selection is not supported for Cyclone V device family. The default device, 5CGXFC7C7F23C8, is set.
Info (11104): Parallel Compilation has detected 8 hyper-threaded processors. However, the extra hyper-threaded processors will not be used by default. Parallel Compilation will use 4 of the 4 physical processors detected instead.
Info (12021): Found 1 design units, including 1 entities, in source file vga640x480.v
    Info (12023): Found entity 1: IP_VGA_640X480
Info (12021): Found 1 design units, including 1 entities, in source file theend.v
    Info (12023): Found entity 1: The_End
Info (12021): Found 1 design units, including 1 entities, in source file ps2deal.v
    Info (12023): Found entity 1: ps2_deal_Model
Info (12021): Found 1 design units, including 1 entities, in source file ps2.v
    Info (12023): Found entity 1: IP_PS2_keyboard
Info (12021): Found 1 design units, including 1 entities, in source file merge.v
    Info (12023): Found entity 1: merge
Info (12021): Found 1 design units, including 1 entities, in source file gamemain.v
    Info (12023): Found entity 1: Game_Main_Model
Info (12021): Found 1 design units, including 1 entities, in source file gamecontrol.v
    Info (12023): Found entity 1: Game_control
Info (12021): Found 1 design units, including 1 entities, in source file gamebackgroud.v
    Info (12023): Found entity 1: Game_backgroud
Info (12021): Found 1 design units, including 1 entities, in source file game.v
    Info (12023): Found entity 1: Game
Info (12127): Elaborating entity "Game" for the top level hierarchy
Info (12128): Elaborating entity "IP_PS2_keyboard" for hierarchy "IP_PS2_keyboard:U0"
Info (12128): Elaborating entity "ps2_deal_Model" for hierarchy "ps2_deal_Model:U1"
Info (12128): Elaborating entity "Game_Main_Model" for hierarchy "Game_Main_Model:U2"
Info (12128): Elaborating entity "Game_control" for hierarchy "Game_Main_Model:U2|Game_control:U1"
Warning (10230): Verilog HDL assignment warning at Gamecontrol.v(137): truncated value with size 32 to match size of target (4)
Warning (10230): Verilog HDL assignment warning at Gamecontrol.v(149): truncated value with size 32 to match size of target (4)
Info (10018): Can't recognize finite state machine "state" because it has a complex reset state
Info (12128): Elaborating entity "Game_backgroud" for hierarchy "Game_Main_Model:U2|Game_backgroud:U2"
Info (12128): Elaborating entity "merge" for hierarchy "Game_Main_Model:U2|merge:U3"
Info (12128): Elaborating entity "The_End" for hierarchy "Game_Main_Model:U2|The_End:U4"
Info (12128): Elaborating entity "IP_VGA_640X480" for hierarchy "IP_VGA_640X480:U3"
Warning (13004): Presettable and clearable registers converted to equivalent circuits with latches. Registers power-up to an undefined state, and DEVCLRn places the registers in an undefined state.
    Warning (13310): Register "Game_Main_Model:U2|Game_control:U1|state.left" is converted into an equivalent circuit using register "Game_Main_Model:U2|Game_control:U1|state.left~_emulated" and latch "Game_Main_Model:U2|Game_control:U1|state.left~1"
    Warning (13310): Register "Game_Main_Model:U2|Game_control:U1|state.right" is converted into an equivalent circuit using register "Game_Main_Model:U2|Game_control:U1|state.right~_emulated" and latch "Game_Main_Model:U2|Game_control:U1|state.right~1"
    Warning (13310): Register "Game_Main_Model:U2|Game_control:U1|state.down" is converted into an equivalent circuit using register "Game_Main_Model:U2|Game_control:U1|state.down~_emulated" and latch "Game_Main_Model:U2|Game_control:U1|state.down~1"
Info (286030): Timing-Driven Synthesis is running
Info (144001): Generated suppressed messages file D:/altera/13.1/quartus/zongheshiyan/output_files/Game.map.smsg
Info (16010): Generating hard_block partition "hard_block:auto_generated_inst"
    Info (16011): Adding 0 node(s), including 0 DDIO, 0 PLL, 0 transceiver and 0 LCELL
Info (21057): Implemented 1893 device resources after synthesis - the final resource count might be different
    Info (21058): Implemented 4 input pins
    Info (21059): Implemented 5 output pins
    Info (21061): Implemented 1884 logic cells
Info: Quartus II 64-Bit Analysis & Synthesis was successful. 0 errors, 6 warnings
    Info: Peak virtual memory: 4699 megabytes
    Info: Processing ended: Sat Feb 11 08:41:31 2023
    Info: Elapsed time: 00:00:04
    Info: Total CPU time (on all processors): 00:00:04


+------------------------------------------+
; Analysis & Synthesis Suppressed Messages ;
+------------------------------------------+
The suppressed messages can be found in D:/altera/13.1/quartus/zongheshiyan/output_files/Game.map.smsg.


